2024-04-29-12:23:40> Script started
'skidrow.dll' found
2024-04-29-12:24:57> Script started
skidrow.dll found
2024-04-29-12:26:14> Script started
skidrow.dll found
2024-04-29-12:27:57> Script started
skidrow.dll found
2024-04-29-12:28:30> Script started
skidrow.dll found
2024-04-29-12:29:06> Script started
skidrow.dll found
2024-04-29-12:32:02> Script started
skidrow.dll found
2024-04-29-12:32:32> Script started
skidrow.dll found
2024-04-29-12:33:04> Script started
skidrow.dll found
2024-04-29-12:33:09> Script started
skidrow.dll found
/home/ranul/repos/node-app/scripts
2024-04-29-12:33:23> Script started
skidrow.dll found
2024-04-29-12:36:27> Script started
/home/ranul/repos/node-app/scripts
Files in the current location: 
skidrow.dll found
2024-04-29-12:38:52> Script started
/home/ranul/repos/node-app/scripts
Files in the current location: 
skidrow.dll found
2024-04-29-12:40:52> Script started
/home/ranul/repos/node-app/scripts
Files in the current location: 
skidrow.dll found
2024-04-29-12:41:23> Script started
/home/ranul/repos/node-app/scripts
Files in the current location: 6
skidrow.dll found
2024-04-29-12:47:39> Script started
/home/ranul/repos/node-app/scripts
Files in the current location: 5
skidrow.dll found
./
2024-04-29-12:48:39> Script started
/home/ranul/repos/node-app/scripts
Files in the current location: 5
skidrow.dll found
./
2024-04-29-12:48:59> Script started
/home/ranul/repos/node-app/scripts
Files in the current location: 5
skidrow.dll found
.//*
2024-04-29-12:50:09> Script started
/home/ranul/repos/node-app/scripts
Files in the current location: 5
skidrow.dll found
/home/ranul/repos/node-app/scripts/*
2024-04-29-12:51:27> Script started
/home/ranul/repos/node-app/scripts
Files in the current location: 5
skidrow.dll found
/home/ranul/repos/node-app/scripts/*
2024-04-29-12:52:26> Script started
/home/ranul/repos/node-app/scripts
Files in the current location: 5
skidrow.dll found
/home/ranul/repos/node-app/scripts/script-1.log
/home/ranul/repos/node-app/scripts/script-1.sh
2024-04-29-12:52:59> Script started
/home/ranul/repos/node-app/scripts
Files in the current location: 5
skidrow.dll found
./script-1.log
./script-1.sh
2024-04-29-12:55:55> Script started
/home/ranul/repos/node-app/scripts
Files in the current location: 5
skidrow.dll found
./script-1.log
./script-1.sh
2024-04-29-12:57:33> Script started
/home/ranul/repos/node-app/scripts
Files in the current location: 7
skidrow.dll found
./script-1.log
./script-1.log.bak
./script-1.sh
./script-1.sh.bak
2024-04-29-12:58:34> Script started
/home/ranul/repos/node-app/scripts
Files in the current location: 11
skidrow.dll found
./script-1.log
./script-1.log.bak
./script-1.log.bak.bak-date(+%Y-%m-%d)
./script-1.log.bak-date(+%Y-%m-%d)
./script-1.sh
./script-1.sh.bak
./script-1.sh.bak.bak-date(+%Y-%m-%d)
./script-1.sh.bak-date(+%Y-%m-%d)
2024-04-29-12:59:24> Script started
/home/ranul/repos/node-app/scripts
Files in the current location: 19
skidrow.dll found
./script-1.log
./script-1.log.bak
./script-1.log.bak-
./script-1.log.bak.bak-
./script-1.log.bak.bak-date(+%Y-%m-%d)
./script-1.log.bak.bak-date(+%Y-%m-%d).bak-
./script-1.log.bak-date(+%Y-%m-%d)
./script-1.log.bak-date(+%Y-%m-%d).bak-
./script-1.sh
./script-1.sh.bak
./script-1.sh.bak-
./script-1.sh.bak.bak-
./script-1.sh.bak.bak-date(+%Y-%m-%d)
./script-1.sh.bak.bak-date(+%Y-%m-%d).bak-
./script-1.sh.bak-date(+%Y-%m-%d)
./script-1.sh.bak-date(+%Y-%m-%d).bak-
2024-04-29-13:00:26> Script started
/home/ranul/repos/node-app/scripts
Files in the current location: 5
skidrow.dll found
./script-1.log
./script-1.sh
2024-04-29-13:23:45> Script started
/home/ranul/repos/node-app/scripts
Files in the current location: 7
skidrow.dll not found!
skidrow.dll created
archive created
2024-04-29-13:24:30> Script started
/home/ranul/repos/node-app/scripts
Files in the current location: 8
skidrow.dll found
./script-1.log
./script-1.log.bak-2024-04-29
./script-1.sh
./script-1.sh.bak-2024-04-29
./skidrow.dll
2024-04-29-13:27:41> Script started
/home/ranul/repos/node-app/scripts
Files in the current location: 7
skidrow.dll not found!
skidrow.dll created
archive created
./script-1.log
./script-1.log.bak-2024-04-29
./script-1.sh
./script-1.sh.bak-2024-04-29
./skidrow.dll
2024-04-29-13:28:34> Script started
/home/ranul/repos/node-app/scripts
Files in the current location: 7
skidrow.dll not found!
skidrow.dll created
archive created
./script-1.log
./script-1.log.bak-2024-04-29
./script-1.sh
./script-1.sh.bak-2024-04-29
./skidrow.dll
2024-04-29-13:30:03> Script started
/home/ranul/repos/node-app/scripts
Files in the current location: 7
skidrow.dll not found!
skidrow.dll created
archive created
./script-1.log
./script-1.log.bak-2024-04-29
./script-1.sh
./script-1.sh.bak-2024-04-29
./skidrow.dll
./skidrow.gz
2024-04-29-13:40:37> Script started
/home/ranul/repos/node-app/scripts
Files in the current location: 10
skidrow.dll not found!
skidrow.dll created
archive created
./old
./script-1.log
./script-1.log.bak-2024-04-29
./script-1.sh
./script-1.sh.bak-2024-04-29
./skidrow.dll
./skidrow.gz
2024-04-29-13:40:38> Script started
/home/ranul/repos/node-app/scripts
Files in the current location: 14
skidrow.dll found
./old
./script-1.log
./script-1.log.bak-2024-04-29
./script-1.log.bak-2024-04-29.bak-2024-04-29
./script-1.sh
./script-1.sh.bak-2024-04-29
./script-1.sh.bak-2024-04-29.bak-2024-04-29
./skidrow.dll
./skidrow.dll.bak-2024-04-29
./skidrow.gz
./skidrow.gz.bak-2024-04-29
2024-04-29-13:41:23> Script started
/home/ranul/repos/node-app/scripts
Files in the current location: 14
skidrow.dll found
./old
./script-1.log
./script-1.log.bak-2024-04-29
./script-1.log.bak-2024-04-29.bak-2024-04-29
./script-1.sh
./script-1.sh.bak-2024-04-29
./script-1.sh.bak-2024-04-29.bak-2024-04-29
./skidrow.dll
./skidrow.dll.bak-2024-04-29
./skidrow.gz
./skidrow.gz.bak-2024-04-29
2024-04-29-13:41:23> Script started
/home/ranul/repos/node-app/scripts
Files in the current location: 14
skidrow.dll found
./old
./script-1.log
./script-1.log.bak-2024-04-29
./script-1.log.bak-2024-04-29.bak-2024-04-29
./script-1.sh
./script-1.sh.bak-2024-04-29
./script-1.sh.bak-2024-04-29.bak-2024-04-29
./skidrow.dll
./skidrow.dll.bak-2024-04-29
./skidrow.gz
./skidrow.gz.bak-2024-04-29
2024-04-29-13:41:24> Script started
/home/ranul/repos/node-app/scripts
Files in the current location: 14
skidrow.dll found
./old
./script-1.log
./script-1.log.bak-2024-04-29
./script-1.log.bak-2024-04-29.bak-2024-04-29
./script-1.sh
./script-1.sh.bak-2024-04-29
./script-1.sh.bak-2024-04-29.bak-2024-04-29
./skidrow.dll
./skidrow.dll.bak-2024-04-29
./skidrow.gz
./skidrow.gz.bak-2024-04-29
2024-04-29-13:43:00> Script started
/home/ranul/repos/node-app/scripts
Files in the current location: 14
skidrow.dll found
./old
./script-1.log
./script-1.log.bak-2024-04-29
./script-1.log.bak-2024-04-29.bak-2024-04-29
./script-1.sh
./script-1.sh.bak-2024-04-29
./script-1.sh.bak-2024-04-29.bak-2024-04-29
./skidrow.dll
./skidrow.dll.bak-2024-04-29
./skidrow.gz
./skidrow.gz.bak-2024-04-29
2024-04-29-13:43:00> Script started
/home/ranul/repos/node-app/scripts
Files in the current location: 14
skidrow.dll found
./old
./script-1.log
./script-1.log.bak-2024-04-29
./script-1.log.bak-2024-04-29.bak-2024-04-29
./script-1.sh
./script-1.sh.bak-2024-04-29
./script-1.sh.bak-2024-04-29.bak-2024-04-29
./skidrow.dll
./skidrow.dll.bak-2024-04-29
./skidrow.gz
./skidrow.gz.bak-2024-04-29
2024-04-29-13:43:00> Script started
/home/ranul/repos/node-app/scripts
Files in the current location: 14
skidrow.dll found
./old
./script-1.log
./script-1.log.bak-2024-04-29
./script-1.log.bak-2024-04-29.bak-2024-04-29
./script-1.sh
./script-1.sh.bak-2024-04-29
./script-1.sh.bak-2024-04-29.bak-2024-04-29
./skidrow.dll
./skidrow.dll.bak-2024-04-29
./skidrow.gz
./skidrow.gz.bak-2024-04-29
2024-04-29-13:43:09> Script started
/home/ranul/repos/node-app/scripts
Files in the current location: 14
skidrow.dll found
./old
./script-1.log
./script-1.log.bak-2024-04-29
./script-1.log.bak-2024-04-29.bak-2024-04-29
./script-1.sh
./script-1.sh.bak-2024-04-29
./script-1.sh.bak-2024-04-29.bak-2024-04-29
./skidrow.dll
./skidrow.dll.bak-2024-04-29
./skidrow.gz
./skidrow.gz.bak-2024-04-29
2024-04-29-13:43:09> Script started
/home/ranul/repos/node-app/scripts
Files in the current location: 14
skidrow.dll found
./old
./script-1.log
./script-1.log.bak-2024-04-29
./script-1.log.bak-2024-04-29.bak-2024-04-29
./script-1.sh
./script-1.sh.bak-2024-04-29
./script-1.sh.bak-2024-04-29.bak-2024-04-29
./skidrow.dll
./skidrow.dll.bak-2024-04-29
./skidrow.gz
./skidrow.gz.bak-2024-04-29
2024-04-29-13:43:09> Script started
/home/ranul/repos/node-app/scripts
Files in the current location: 14
skidrow.dll found
./old
./script-1.log
./script-1.log.bak-2024-04-29
./script-1.log.bak-2024-04-29.bak-2024-04-29
./script-1.sh
./script-1.sh.bak-2024-04-29
./script-1.sh.bak-2024-04-29.bak-2024-04-29
./skidrow.dll
./skidrow.dll.bak-2024-04-29
./skidrow.gz
./skidrow.gz.bak-2024-04-29
2024-04-29-13:44:47> Script started
/home/ranul/repos/node-app/scripts
Files in the current location: 14
skidrow.dll found
./old
./script-1.log
./script-1.log.bak-2024-04-29
./script-1.log.bak-2024-04-29.bak-2024-04-29
./script-1.sh
./script-1.sh.bak-2024-04-29
./script-1.sh.bak-2024-04-29.bak-2024-04-29
./skidrow.dll
./skidrow.dll.bak-2024-04-29
./skidrow.gz
./skidrow.gz.bak-2024-04-29
2024-04-29-13:44:47> Script started
/home/ranul/repos/node-app/scripts
Files in the current location: 14
skidrow.dll found
./old
./script-1.log
./script-1.log.bak-2024-04-29
./script-1.log.bak-2024-04-29.bak-2024-04-29
./script-1.sh
./script-1.sh.bak-2024-04-29
./script-1.sh.bak-2024-04-29.bak-2024-04-29
./skidrow.dll
./skidrow.dll.bak-2024-04-29
./skidrow.gz
./skidrow.gz.bak-2024-04-29
2024-04-29-13:44:47> Script started
/home/ranul/repos/node-app/scripts
Files in the current location: 14
skidrow.dll found
./old
./script-1.log
./script-1.log.bak-2024-04-29
./script-1.log.bak-2024-04-29.bak-2024-04-29
./script-1.sh
./script-1.sh.bak-2024-04-29
./script-1.sh.bak-2024-04-29.bak-2024-04-29
./skidrow.dll
./skidrow.dll.bak-2024-04-29
./skidrow.gz
./skidrow.gz.bak-2024-04-29
2024-04-29-13:45:00> Script started
/home/ranul/repos/node-app/scripts
Files in the current location: 14
skidrow.dll found
./old
./script-1.log
./script-1.log.bak-2024-04-29
./script-1.log.bak-2024-04-29.bak-2024-04-29
./script-1.sh
./script-1.sh.bak-2024-04-29
./script-1.sh.bak-2024-04-29.bak-2024-04-29
./skidrow.dll
./skidrow.dll.bak-2024-04-29
./skidrow.gz
./skidrow.gz.bak-2024-04-29
2024-04-29-13:45:00> Script started
/home/ranul/repos/node-app/scripts
Files in the current location: 14
skidrow.dll found
./old
./script-1.log
./script-1.log.bak-2024-04-29
./script-1.log.bak-2024-04-29.bak-2024-04-29
./script-1.sh
./script-1.sh.bak-2024-04-29
./script-1.sh.bak-2024-04-29.bak-2024-04-29
./skidrow.dll
./skidrow.dll.bak-2024-04-29
./skidrow.gz
./skidrow.gz.bak-2024-04-29
2024-04-29-13:45:00> Script started
/home/ranul/repos/node-app/scripts
Files in the current location: 14
skidrow.dll found
./old
./script-1.log
./script-1.log.bak-2024-04-29
./script-1.log.bak-2024-04-29.bak-2024-04-29
./script-1.sh
./script-1.sh.bak-2024-04-29
./script-1.sh.bak-2024-04-29.bak-2024-04-29
./skidrow.dll
./skidrow.dll.bak-2024-04-29
./skidrow.gz
./skidrow.gz.bak-2024-04-29
